[2022/8/3 16:19:07] 200 get /index.html [object Undefined] [object Uint8Array] 
[2022/8/3 16:19:07] 404 get /favicon.ico [object Undefined] [object String] 
[2022/8/3 16:23:29] 200 [object Uint8Array] [object Undefined] get /index.html
[2022/8/3 16:24:02]  200 get /index.html
[2022/8/3 16:24:02]  404 get /favicon.ico
[2022/8/3 16:24:05] [object Uint8Array] [object Undefined] 200 get /index.html
[2022/8/3 16:24:05] [object String] [object Undefined] 404 get /favicon.ico
[2022/8/3 16:24:31] [object Uint8Array] [object Undefined] 200 get /index.html
[2022/8/3 16:24:31] [object String] [object Undefined] 404 get /favicon.ico
[2022/8/3 16:24:32] [object Undefined] [object Uint8Array] 200 get /index.html
[2022/8/3 16:24:32] [object Undefined] [object String] 404 get /favicon.ico
[2022/8/3 16:24:33] [object Undefined] [object Uint8Array] 200 get /index.html
[2022/8/3 16:24:33] [object Undefined] [object String] 404 get /favicon.ico
[2022/8/3 16:24:57] [object Undefined] [object Uint8Array] 200 get /index.html
[2022/8/3 16:24:58] [object Undefined] [object String] 404 get /favicon.ico
[2022/8/3 16:25:00] [object Undefined] get /index.html [object Uint8Array] 200
[2022/8/3 16:25:23] [object Undefined] get /index.html 200 [object Uint8Array]
[2022/8/3 16:25:23] [object Undefined] get /favicon.ico 404 [object String]
[2022/8/3 16:25:27] get [object Undefined] /index.html 200 [object Uint8Array]
[2022/8/3 16:27:15] get [object Undefined] /upload/123 500 [object String]
[2022/8/3 16:27:27] get [object Undefined] /upload/123 500 [object String]
[2022/8/3 16:27:36] get [object Undefined] /upload/123 500 [object String]
[2022/8/3 16:27:36] get [object Undefined] /favicon.ico 404 [object String]
[2022/8/3 16:27:39] get [object Undefined] /upload/123 500 [object String]
[2022/8/3 16:30:09] get [object Undefined] /upload/123 500 [object String]
[2022/8/3 16:31:43] get [object Undefined] /upload/123 500 [object String]
[2022/8/3 16:31:43] get [object Undefined] /favicon.ico 404 [object String]
[2022/8/3 16:31:44] get [object Undefined] /upload/123 500 [object String]
[2022/8/3 16:31:44] get [object Undefined] /favicon.ico 404 [object String]
[2022/8/3 16:32:01] get [object Undefined] /upload/123 200 [object String]
[2022/8/3 16:32:01] get [object Undefined] /favicon.ico 404 [object String]
[2022/8/3 16:32:16] get [object Undefined] /upload/abc/123 500 [object String]
[2022/8/3 16:38:00] get [object Undefined] /upload/abc/123 500 [object String]
[2022/8/3 16:38:00] get [object Undefined] /favicon.ico 404 [object String]
[2022/8/3 16:38:01] get [object Undefined] /upload/abc/123 500 [object String]
[2022/8/3 16:38:01] get [object Undefined] /favicon.ico 404 [object String]
[2022/8/3 16:38:25] get [object Undefined] /upload/abc/123 500 [object String]
[2022/8/3 16:39:32] get [object Undefined] /upload/abc/123 500 [object String]
[2022/8/3 16:39:32] get [object Undefined] /favicon.ico 404 [object String]
[2022/8/3 16:39:33] get [object Undefined] /upload/abc/123 500 [object String]
[2022/8/3 16:39:33] get [object Undefined] /favicon.ico 404 [object String]
[2022/8/3 16:39:34] get [object Undefined] /upload/abc/123 500 [object String]
[2022/8/3 16:39:34] get [object Undefined] /favicon.ico 404 [object String]
[2022/8/3 16:39:35] get [object Undefined] /upload/abc/123 500 [object String]
[2022/8/3 16:39:35] get [object Undefined] /favicon.ico 404 [object String]
[2022/8/3 16:39:35] get [object Undefined] /upload/abc/123 500 [object String]
[2022/8/3 16:39:35] get [object Undefined] /favicon.ico 404 [object String]
[2022/8/3 16:41:34] get [object Undefined] /upload/abc/123 500 [object String]
[2022/8/3 16:41:34] get [object Undefined] /favicon.ico 404 [object String]
[2022/8/3 16:41:35] get [object Undefined] /upload/abc/123 500 [object String]
[2022/8/3 16:41:35] get [object Undefined] /favicon.ico 404 [object String]
[2022/8/3 16:41:36] get [object Undefined] /upload/abc/123 500 [object String]
[2022/8/3 16:41:36] get [object Undefined] /favicon.ico 404 [object String]
[2022/8/3 16:41:57] get [object Undefined] /upload/abc/123 500 [object String]
[2022/8/3 16:41:57] get [object Undefined] /favicon.ico 404 [object String]
[2022/8/3 16:42:13] get [object Undefined] /upload/abc/123 500 [object String]
[2022/8/3 16:42:13] get [object Undefined] /favicon.ico 404 [object String]
[2022/8/3 16:42:45] get [object Undefined] /upload/abc/123 200 [object String]
[2022/8/3 16:42:45] get [object Undefined] /favicon.ico 404 [object String]
[2022/8/3 16:42:50] get [object Undefined] /upload/abc/123 200 [object String]
[2022/8/3 16:42:50] get [object Undefined] /favicon.ico 404 [object String]
[2022/8/3 16:42:52] get [object Undefined] /upload/abc/123 200 [object String]
[2022/8/3 16:42:52] get [object Undefined] /favicon.ico 404 [object String]
[2022/8/3 16:43:31] get [object Undefined] /upload/abc/123 200 [object String]
[2022/8/3 16:43:31] get [object Undefined] /favicon.ico 404 [object String]
[2022/8/3 16:44:02] get [object Undefined] /upload/abc/123 200 [object String]
[2022/8/3 16:44:03] get [object Undefined] /favicon.ico 404 [object String]
[2022/8/3 16:44:17] get [object Undefined] /upload/abc/123 200 [object String]
[2022/8/3 16:44:17] get [object Undefined] /favicon.ico 404 [object String]
[2022/8/3 16:44:33] get [object Undefined] /upload/abc/123 200 [object String]
[2022/8/3 16:47:14] get [object Undefined] /upload/abc/123 500 [object String]
[2022/8/3 16:47:14] get [object Undefined] /favicon.ico 404 [object String]
[2022/8/3 16:47:33] get [object Undefined] /upload/abc/123 500 [object String]
[2022/8/3 16:47:34] get [object Undefined] /favicon.ico 404 [object String]
[2022/8/3 16:47:46] get [object Undefined] /upload/abc/123 500 [object String]
[2022/8/3 16:47:46] get [object Undefined] /favicon.ico 404 [object String]
[2022/8/3 16:48:02] get [object Undefined] /upload/abc/123 500 [object String]
[2022/8/3 16:48:02] get [object Undefined] /favicon.ico 404 [object String]
[2022/8/3 16:48:03] get [object Undefined] /upload/abc/123 500 [object String]
[2022/8/3 16:48:03] get [object Undefined] /favicon.ico 404 [object String]
[2022/8/3 16:48:03] get [object Undefined] /upload/abc/123 500 [object String]
[2022/8/3 16:48:04] get [object Undefined] /favicon.ico 404 [object String]
[2022/8/3 16:48:04] get [object Undefined] /upload/abc/123 500 [object String]
[2022/8/3 16:48:04] get [object Undefined] /favicon.ico 404 [object String]
[2022/8/3 16:48:19] get [object Undefined] /upload/%6012 500 [object String]
[2022/8/3 16:48:22] get [object Undefined] /upload/123 500 [object String]
[2022/8/3 16:48:53] get [object Undefined] /upload/123 500 [object String]
[2022/8/3 16:48:54] get [object Undefined] /upload/123 500 [object String]
[2022/8/3 16:48:55] get [object Undefined] /upload/123 500 [object String]
[2022/8/3 16:48:55] get [object Undefined] /upload/123 500 [object String]
[2022/8/3 16:48:56] get [object Undefined] /upload/123 500 [object String]
[2022/8/3 16:48:56] get [object Undefined] /upload/123 500 [object String]
[2022/8/3 16:49:09] get [object Undefined] /upload/123 500 [object String]
[2022/8/3 16:49:11] get [object Undefined] /index.html 200 [object Uint8Array]
[2022/8/3 16:49:14] post [object FormData] /upload 200 [object String]
[2022/8/3 16:49:28] get [object Undefined] /upload/6c9e4e57ea4b4ab9b48bccc8ec319e94_tplv-k3u1fbpfcp-watermark 500 [object String]
[2022/8/3 16:49:36] get [object Undefined] /upload/6c9e4e57ea4b4ab9b48bccc8ec319e94_tplv-k3u1fbpfcp-watermark.png 500 [object String]
[2022/8/3 16:49:44] get [object Undefined] /upload/6c9e4e57ea4b4ab9b48bccc8ec319e94_tplv-k3u1fbpfcp-watermark.jpg 404 [object String]
